<?xml version="1.0" encoding="UTF-8"?>
<testng-results skipped="0" failed="0" ignored="1" total="2" passed="1">
  <reporter-output>
  </reporter-output>
  <suite name="Suite" duration-ms="54" started-at="2021-10-04T14:30:45 IST" finished-at="2021-10-04T14:30:45 IST">
    <groups>
    </groups>
    <test name="Test" duration-ms="54" started-at="2021-10-04T14:30:45 IST" finished-at="2021-10-04T14:30:45 IST">
      <class name="AppiumMaven.MavenAppium.AppiumTest">
        <test-method status="PASS" signature="App()[pri:0, instance:AppiumMaven.MavenAppium.AppiumTest@184f6be2]" name="App" duration-ms="4" started-at="2021-10-04T14:30:45 IST" finished-at="2021-10-04T14:30:45 IST">
          <reporter-output>
          </reporter-output>
        </test-method> <!-- App -->
      </class> <!-- AppiumMaven.MavenAppium.AppiumTest -->
    </test> <!-- Test -->
  </suite> <!-- Suite -->
</testng-results>
